The system is: Linux - 3.10.0-862.14.1.5.h328.eulerosv2r7.x86_64 - x86_64
Compiling the C compiler identification source file "CMakeCCompilerId.c" succeeded.
Compiler: /usr/bin/cc 
Build flags: 
Id flags:  

The output was:
0


Compilation of the C compiler identification source "CMakeCCompilerId.c" produced "a.out"

The C compiler identification is GNU, found in "/home/user/AscendProjects/sample-classification/build/intermediates/device/CMakeFiles/3.13.4/CompilerIdC/a.out"

Compiling the CXX compiler identification source file "CMakeCXXCompilerId.cpp" succeeded.
Compiler: /home/user/.mindstudio/huawei/ddk/1.31.T19.B190/ddk/toolchains/aarch64-linux-gcc6.3/bin/aarch64-linux-gnu-g++ 
Build flags: 
Id flags:  

The output was:
0


Compilation of the CXX compiler identification source "CMakeCXXCompilerId.cpp" produced "a.out"

The CXX compiler identification is GNU, found in "/home/user/AscendProjects/sample-classification/build/intermediates/device/CMakeFiles/3.13.4/CompilerIdCXX/a.out"

Determining if the C compiler works passed with the following output:
Change Dir: /home/user/AscendProjects/sample-classification/build/intermediates/device/CMakeFiles/CMakeTmp

Run Build Command:"/usr/bin/make" "cmTC_d6243/fast"
/usr/bin/make -f CMakeFiles/cmTC_d6243.dir/build.make CMakeFiles/cmTC_d6243.dir/build
make[1]: Entering directory '/home/user/AscendProjects/sample-classification/build/intermediates/device/CMakeFiles/CMakeTmp'
Building C object CMakeFiles/cmTC_d6243.dir/testCCompiler.c.o
/usr/bin/cc --sysroot=/home/user/.mindstudio/huawei/ddk/1.31.T19.B190/ddk/toolchains/aarch64-linux-gcc6.3/sysroot    -o CMakeFiles/cmTC_d6243.dir/testCCompiler.c.o   -c /home/user/AscendProjects/sample-classification/build/intermediates/device/CMakeFiles/CMakeTmp/testCCompiler.c
Linking C executable cmTC_d6243
/home/user/MindStudio-ubuntu/tools/cmake/bin/cmake -E cmake_link_script CMakeFiles/cmTC_d6243.dir/link.txt --verbose=1
/usr/bin/cc --sysroot=/home/user/.mindstudio/huawei/ddk/1.31.T19.B190/ddk/toolchains/aarch64-linux-gcc6.3/sysroot      CMakeFiles/cmTC_d6243.dir/testCCompiler.c.o  -o cmTC_d6243 
make[1]: Leaving directory '/home/user/AscendProjects/sample-classification/build/intermediates/device/CMakeFiles/CMakeTmp'


Detecting C compiler ABI info compiled with the following output:
Change Dir: /home/user/AscendProjects/sample-classification/build/intermediates/device/CMakeFiles/CMakeTmp

Run Build Command:"/usr/bin/make" "cmTC_bbfac/fast"
/usr/bin/make -f CMakeFiles/cmTC_bbfac.dir/build.make CMakeFiles/cmTC_bbfac.dir/build
make[1]: Entering directory '/home/user/AscendProjects/sample-classification/build/intermediates/device/CMakeFiles/CMakeTmp'
Building C object CMakeFiles/cmTC_bbfac.dir/CMakeCCompilerABI.c.o
/usr/bin/cc --sysroot=/home/user/.mindstudio/huawei/ddk/1.31.T19.B190/ddk/toolchains/aarch64-linux-gcc6.3/sysroot    -o CMakeFiles/cmTC_bbfac.dir/CMakeCCompilerABI.c.o   -c /home/user/MindStudio-ubuntu/tools/cmake/share/cmake-3.13/Modules/CMakeCCompilerABI.c
Linking C executable cmTC_bbfac
/home/user/MindStudio-ubuntu/tools/cmake/bin/cmake -E cmake_link_script CMakeFiles/cmTC_bbfac.dir/link.txt --verbose=1
/usr/bin/cc --sysroot=/home/user/.mindstudio/huawei/ddk/1.31.T19.B190/ddk/toolchains/aarch64-linux-gcc6.3/sysroot     -v CMakeFiles/cmTC_bbfac.dir/CMakeCCompilerABI.c.o  -o cmTC_bbfac 
Using built-in specs.
COLLECT_GCC=/usr/bin/cc
COLLECT_LTO_WRAPPER=/usr/lib/gcc/x86_64-linux-gnu/5/lto-wrapper
Target: x86_64-linux-gnu
Configured with: ../src/configure -v --with-pkgversion='Ubuntu 5.4.0-6ubuntu1~16.04.10' --with-bugurl=file:///usr/share/doc/gcc-5/README.Bugs --enable-languages=c,ada,c++,java,go,d,fortran,objc,obj-c++ --prefix=/usr --program-suffix=-5 --enable-shared --enable-linker-build-id --libexecdir=/usr/lib --without-included-gettext --enable-threads=posix --libdir=/usr/lib --enable-nls --with-sysroot=/ --enable-clocale=gnu --enable-libstdcxx-debug --enable-libstdcxx-time=yes --with-default-libstdcxx-abi=new --enable-gnu-unique-object --disable-vtable-verify --enable-libmpx --enable-plugin --with-system-zlib --disable-browser-plugin --enable-java-awt=gtk --enable-gtk-cairo --with-java-home=/usr/lib/jvm/java-1.5.0-gcj-5-amd64/jre --enable-java-home --with-jvm-root-dir=/usr/lib/jvm/java-1.5.0-gcj-5-amd64 --with-jvm-jar-dir=/usr/lib/jvm-exports/java-1.5.0-gcj-5-amd64 --with-arch-directory=amd64 --with-ecj-jar=/usr/share/java/eclipse-ecj.jar --enable-objc-gc --enable-multiarch --disable-werror --with-arch-32=i686 --with-abi=m64 --with-multilib-list=m32,m64,mx32 --enable-multilib --with-tune=generic --enable-checking=release --build=x86_64-linux-gnu --host=x86_64-linux-gnu --target=x86_64-linux-gnu
Thread model: posix
gcc version 5.4.0 20160609 (Ubuntu 5.4.0-6ubuntu1~16.04.10) 
COMPILER_PATH=/usr/lib/gcc/x86_64-linux-gnu/5/:/usr/lib/gcc/x86_64-linux-gnu/5/:/usr/lib/gcc/x86_64-linux-gnu/:/usr/lib/gcc/x86_64-linux-gnu/5/:/usr/lib/gcc/x86_64-linux-gnu/
LIBRARY_PATH=/usr/lib/gcc/x86_64-linux-gnu/5/:/usr/lib/gcc/x86_64-linux-gnu/5/../../../x86_64-linux-gnu/:/usr/lib/gcc/x86_64-linux-gnu/5/../../../../lib/:/home/user/.mindstudio/huawei/ddk/1.31.T19.B190/ddk/toolchains/aarch64-linux-gcc6.3/sysroot/lib/../lib/:/home/user/.mindstudio/huawei/ddk/1.31.T19.B190/ddk/toolchains/aarch64-linux-gcc6.3/sysroot/usr/lib/../lib/:/usr/lib/gcc/x86_64-linux-gnu/5/../../../:/home/user/.mindstudio/huawei/ddk/1.31.T19.B190/ddk/toolchains/aarch64-linux-gcc6.3/sysroot/lib/:/home/user/.mindstudio/huawei/ddk/1.31.T19.B190/ddk/toolchains/aarch64-linux-gcc6.3/sysroot/usr/lib/
COLLECT_GCC_OPTIONS='-v' '-o' 'cmTC_bbfac' '-mtune=generic' '-march=x86-64'
 /usr/lib/gcc/x86_64-linux-gnu/5/collect2 -plugin /usr/lib/gcc/x86_64-linux-gnu/5/liblto_plugin.so -plugin-opt=/usr/lib/gcc/x86_64-linux-gnu/5/lto-wrapper -plugin-opt=-fresolution=/tmp/cc4Degyy.res -plugin-opt=-pass-through=-lgcc -plugin-opt=-pass-through=-lgcc_s -plugin-opt=-pass-through=-lc -plugin-opt=-pass-through=-lgcc -plugin-opt=-pass-through=-lgcc_s --sysroot=/home/user/.mindstudio/huawei/ddk/1.31.T19.B190/ddk/toolchains/aarch64-linux-gcc6.3/sysroot --build-id --eh-frame-hdr -m elf_x86_64 --hash-style=gnu --as-needed -dynamic-linker /lib64/ld-linux-x86-64.so.2 -z relro -o cmTC_bbfac /usr/lib/gcc/x86_64-linux-gnu/5/../../../x86_64-linux-gnu/crt1.o /usr/lib/gcc/x86_64-linux-gnu/5/../../../x86_64-linux-gnu/crti.o /usr/lib/gcc/x86_64-linux-gnu/5/crtbegin.o -L/usr/lib/gcc/x86_64-linux-gnu/5 -L/usr/lib/gcc/x86_64-linux-gnu/5/../../../x86_64-linux-gnu -L/usr/lib/gcc/x86_64-linux-gnu/5/../../../../lib -L/home/user/.mindstudio/huawei/ddk/1.31.T19.B190/ddk/toolchains/aarch64-linux-gcc6.3/sysroot/lib/../lib -L/home/user/.mindstudio/huawei/ddk/1.31.T19.B190/ddk/toolchains/aarch64-linux-gcc6.3/sysroot/usr/lib/../lib -L/usr/lib/gcc/x86_64-linux-gnu/5/../../.. -L/home/user/.mindstudio/huawei/ddk/1.31.T19.B190/ddk/toolchains/aarch64-linux-gcc6.3/sysroot/lib -L/home/user/.mindstudio/huawei/ddk/1.31.T19.B190/ddk/toolchains/aarch64-linux-gcc6.3/sysroot/usr/lib CMakeFiles/cmTC_bbfac.dir/CMakeCCompilerABI.c.o -lgcc --as-needed -lgcc_s --no-as-needed -lc -lgcc --as-needed -lgcc_s --no-as-needed /usr/lib/gcc/x86_64-linux-gnu/5/crtend.o /usr/lib/gcc/x86_64-linux-gnu/5/../../../x86_64-linux-gnu/crtn.o
make[1]: Leaving directory '/home/user/AscendProjects/sample-classification/build/intermediates/device/CMakeFiles/CMakeTmp'


Parsed C implicit link information from above output:
  link line regex: [^( *|.*[/\])(ld|CMAKE_LINK_STARTFILE-NOTFOUND|([^/\]+-)?ld|collect2)[^/\]*( |$)]
  ignore line: [Change Dir: /home/user/AscendProjects/sample-classification/build/intermediates/device/CMakeFiles/CMakeTmp]
  ignore line: []
  ignore line: [Run Build Command:"/usr/bin/make" "cmTC_bbfac/fast"]
  ignore line: [/usr/bin/make -f CMakeFiles/cmTC_bbfac.dir/build.make CMakeFiles/cmTC_bbfac.dir/build]
  ignore line: [make[1]: Entering directory '/home/user/AscendProjects/sample-classification/build/intermediates/device/CMakeFiles/CMakeTmp']
  ignore line: [Building C object CMakeFiles/cmTC_bbfac.dir/CMakeCCompilerABI.c.o]
  ignore line: [/usr/bin/cc --sysroot=/home/user/.mindstudio/huawei/ddk/1.31.T19.B190/ddk/toolchains/aarch64-linux-gcc6.3/sysroot    -o CMakeFiles/cmTC_bbfac.dir/CMakeCCompilerABI.c.o   -c /home/user/MindStudio-ubuntu/tools/cmake/share/cmake-3.13/Modules/CMakeCCompilerABI.c]
  ignore line: [Linking C executable cmTC_bbfac]
  ignore line: [/home/user/MindStudio-ubuntu/tools/cmake/bin/cmake -E cmake_link_script CMakeFiles/cmTC_bbfac.dir/link.txt --verbose=1]
  ignore line: [/usr/bin/cc --sysroot=/home/user/.mindstudio/huawei/ddk/1.31.T19.B190/ddk/toolchains/aarch64-linux-gcc6.3/sysroot     -v CMakeFiles/cmTC_bbfac.dir/CMakeCCompilerABI.c.o  -o cmTC_bbfac ]
  ignore line: [Using built-in specs.]
  ignore line: [COLLECT_GCC=/usr/bin/cc]
  ignore line: [COLLECT_LTO_WRAPPER=/usr/lib/gcc/x86_64-linux-gnu/5/lto-wrapper]
  ignore line: [Target: x86_64-linux-gnu]
  ignore line: [Configured with: ../src/configure -v --with-pkgversion='Ubuntu 5.4.0-6ubuntu1~16.04.10' --with-bugurl=file:///usr/share/doc/gcc-5/README.Bugs --enable-languages=c,ada,c++,java,go,d,fortran,objc,obj-c++ --prefix=/usr --program-suffix=-5 --enable-shared --enable-linker-build-id --libexecdir=/usr/lib --without-included-gettext --enable-threads=posix --libdir=/usr/lib --enable-nls --with-sysroot=/ --enable-clocale=gnu --enable-libstdcxx-debug --enable-libstdcxx-time=yes --with-default-libstdcxx-abi=new --enable-gnu-unique-object --disable-vtable-verify --enable-libmpx --enable-plugin --with-system-zlib --disable-browser-plugin --enable-java-awt=gtk --enable-gtk-cairo --with-java-home=/usr/lib/jvm/java-1.5.0-gcj-5-amd64/jre --enable-java-home --with-jvm-root-dir=/usr/lib/jvm/java-1.5.0-gcj-5-amd64 --with-jvm-jar-dir=/usr/lib/jvm-exports/java-1.5.0-gcj-5-amd64 --with-arch-directory=amd64 --with-ecj-jar=/usr/share/java/eclipse-ecj.jar --enable-objc-gc --enable-multiarch --disable-werror --with-arch-32=i686 --with-abi=m64 --with-multilib-list=m32,m64,mx32 --enable-multilib --with-tune=generic --enable-checking=release --build=x86_64-linux-gnu --host=x86_64-linux-gnu --target=x86_64-linux-gnu]
  ignore line: [Thread model: posix]
  ignore line: [gcc version 5.4.0 20160609 (Ubuntu 5.4.0-6ubuntu1~16.04.10) ]
  ignore line: [COMPILER_PATH=/usr/lib/gcc/x86_64-linux-gnu/5/:/usr/lib/gcc/x86_64-linux-gnu/5/:/usr/lib/gcc/x86_64-linux-gnu/:/usr/lib/gcc/x86_64-linux-gnu/5/:/usr/lib/gcc/x86_64-linux-gnu/]
  ignore line: [LIBRARY_PATH=/usr/lib/gcc/x86_64-linux-gnu/5/:/usr/lib/gcc/x86_64-linux-gnu/5/../../../x86_64-linux-gnu/:/usr/lib/gcc/x86_64-linux-gnu/5/../../../../lib/:/home/user/.mindstudio/huawei/ddk/1.31.T19.B190/ddk/toolchains/aarch64-linux-gcc6.3/sysroot/lib/../lib/:/home/user/.mindstudio/huawei/ddk/1.31.T19.B190/ddk/toolchains/aarch64-linux-gcc6.3/sysroot/usr/lib/../lib/:/usr/lib/gcc/x86_64-linux-gnu/5/../../../:/home/user/.mindstudio/huawei/ddk/1.31.T19.B190/ddk/toolchains/aarch64-linux-gcc6.3/sysroot/lib/:/home/user/.mindstudio/huawei/ddk/1.31.T19.B190/ddk/toolchains/aarch64-linux-gcc6.3/sysroot/usr/lib/]
  ignore line: [COLLECT_GCC_OPTIONS='-v' '-o' 'cmTC_bbfac' '-mtune=generic' '-march=x86-64']
  link line: [ /usr/lib/gcc/x86_64-linux-gnu/5/collect2 -plugin /usr/lib/gcc/x86_64-linux-gnu/5/liblto_plugin.so -plugin-opt=/usr/lib/gcc/x86_64-linux-gnu/5/lto-wrapper -plugin-opt=-fresolution=/tmp/cc4Degyy.res -plugin-opt=-pass-through=-lgcc -plugin-opt=-pass-through=-lgcc_s -plugin-opt=-pass-through=-lc -plugin-opt=-pass-through=-lgcc -plugin-opt=-pass-through=-lgcc_s --sysroot=/home/user/.mindstudio/huawei/ddk/1.31.T19.B190/ddk/toolchains/aarch64-linux-gcc6.3/sysroot --build-id --eh-frame-hdr -m elf_x86_64 --hash-style=gnu --as-needed -dynamic-linker /lib64/ld-linux-x86-64.so.2 -z relro -o cmTC_bbfac /usr/lib/gcc/x86_64-linux-gnu/5/../../../x86_64-linux-gnu/crt1.o /usr/lib/gcc/x86_64-linux-gnu/5/../../../x86_64-linux-gnu/crti.o /usr/lib/gcc/x86_64-linux-gnu/5/crtbegin.o -L/usr/lib/gcc/x86_64-linux-gnu/5 -L/usr/lib/gcc/x86_64-linux-gnu/5/../../../x86_64-linux-gnu -L/usr/lib/gcc/x86_64-linux-gnu/5/../../../../lib -L/home/user/.mindstudio/huawei/ddk/1.31.T19.B190/ddk/toolchains/aarch64-linux-gcc6.3/sysroot/lib/../lib -L/home/user/.mindstudio/huawei/ddk/1.31.T19.B190/ddk/toolchains/aarch64-linux-gcc6.3/sysroot/usr/lib/../lib -L/usr/lib/gcc/x86_64-linux-gnu/5/../../.. -L/home/user/.mindstudio/huawei/ddk/1.31.T19.B190/ddk/toolchains/aarch64-linux-gcc6.3/sysroot/lib -L/home/user/.mindstudio/huawei/ddk/1.31.T19.B190/ddk/toolchains/aarch64-linux-gcc6.3/sysroot/usr/lib CMakeFiles/cmTC_bbfac.dir/CMakeCCompilerABI.c.o -lgcc --as-needed -lgcc_s --no-as-needed -lc -lgcc --as-needed -lgcc_s --no-as-needed /usr/lib/gcc/x86_64-linux-gnu/5/crtend.o /usr/lib/gcc/x86_64-linux-gnu/5/../../../x86_64-linux-gnu/crtn.o]
    arg [/usr/lib/gcc/x86_64-linux-gnu/5/collect2] ==> ignore
    arg [-plugin] ==> ignore
    arg [/usr/lib/gcc/x86_64-linux-gnu/5/liblto_plugin.so] ==> ignore
    arg [-plugin-opt=/usr/lib/gcc/x86_64-linux-gnu/5/lto-wrapper] ==> ignore
    arg [-plugin-opt=-fresolution=/tmp/cc4Degyy.res] ==> ignore
    arg [-plugin-opt=-pass-through=-lgcc] ==> ignore
    arg [-plugin-opt=-pass-through=-lgcc_s] ==> ignore
    arg [-plugin-opt=-pass-through=-lc] ==> ignore
    arg [-plugin-opt=-pass-through=-lgcc] ==> ignore
    arg [-plugin-opt=-pass-through=-lgcc_s] ==> ignore
    arg [--sysroot=/home/user/.mindstudio/huawei/ddk/1.31.T19.B190/ddk/toolchains/aarch64-linux-gcc6.3/sysroot] ==> ignore
    arg [--build-id] ==> ignore
    arg [--eh-frame-hdr] ==> ignore
    arg [-m] ==> ignore
    arg [elf_x86_64] ==> ignore
    arg [--hash-style=gnu] ==> ignore
    arg [--as-needed] ==> ignore
    arg [-dynamic-linker] ==> ignore
    arg [/lib64/ld-linux-x86-64.so.2] ==> ignore
    arg [-zrelro] ==> ignore
    arg [-o] ==> ignore
    arg [cmTC_bbfac] ==> ignore
    arg [/usr/lib/gcc/x86_64-linux-gnu/5/../../../x86_64-linux-gnu/crt1.o] ==> ignore
    arg [/usr/lib/gcc/x86_64-linux-gnu/5/../../../x86_64-linux-gnu/crti.o] ==> ignore
    arg [/usr/lib/gcc/x86_64-linux-gnu/5/crtbegin.o] ==> ignore
    arg [-L/usr/lib/gcc/x86_64-linux-gnu/5] ==> dir [/usr/lib/gcc/x86_64-linux-gnu/5]
    arg [-L/usr/lib/gcc/x86_64-linux-gnu/5/../../../x86_64-linux-gnu] ==> dir [/usr/lib/gcc/x86_64-linux-gnu/5/../../../x86_64-linux-gnu]
    arg [-L/usr/lib/gcc/x86_64-linux-gnu/5/../../../../lib] ==> dir [/usr/lib/gcc/x86_64-linux-gnu/5/../../../../lib]
    arg [-L/home/user/.mindstudio/huawei/ddk/1.31.T19.B190/ddk/toolchains/aarch64-linux-gcc6.3/sysroot/lib/../lib] ==> dir [/home/user/.mindstudio/huawei/ddk/1.31.T19.B190/ddk/toolchains/aarch64-linux-gcc6.3/sysroot/lib/../lib]
    arg [-L/home/user/.mindstudio/huawei/ddk/1.31.T19.B190/ddk/toolchains/aarch64-linux-gcc6.3/sysroot/usr/lib/../lib] ==> dir [/home/user/.mindstudio/huawei/ddk/1.31.T19.B190/ddk/toolchains/aarch64-linux-gcc6.3/sysroot/usr/lib/../lib]
    arg [-L/usr/lib/gcc/x86_64-linux-gnu/5/../../..] ==> dir [/usr/lib/gcc/x86_64-linux-gnu/5/../../..]
    arg [-L/home/user/.mindstudio/huawei/ddk/1.31.T19.B190/ddk/toolchains/aarch64-linux-gcc6.3/sysroot/lib] ==> dir [/home/user/.mindstudio/huawei/ddk/1.31.T19.B190/ddk/toolchains/aarch64-linux-gcc6.3/sysroot/lib]
    arg [-L/home/user/.mindstudio/huawei/ddk/1.31.T19.B190/ddk/toolchains/aarch64-linux-gcc6.3/sysroot/usr/lib] ==> dir [/home/user/.mindstudio/huawei/ddk/1.31.T19.B190/ddk/toolchains/aarch64-linux-gcc6.3/sysroot/usr/lib]
    arg [CMakeFiles/cmTC_bbfac.dir/CMakeCCompilerABI.c.o] ==> ignore
    arg [-lgcc] ==> lib [gcc]
    arg [--as-needed] ==> ignore
    arg [-lgcc_s] ==> lib [gcc_s]
    arg [--no-as-needed] ==> ignore
    arg [-lc] ==> lib [c]
    arg [-lgcc] ==> lib [gcc]
    arg [--as-needed] ==> ignore
    arg [-lgcc_s] ==> lib [gcc_s]
    arg [--no-as-needed] ==> ignore
    arg [/usr/lib/gcc/x86_64-linux-gnu/5/crtend.o] ==> ignore
    arg [/usr/lib/gcc/x86_64-linux-gnu/5/../../../x86_64-linux-gnu/crtn.o] ==> ignore
  collapse library dir [/usr/lib/gcc/x86_64-linux-gnu/5] ==> [/usr/lib/gcc/x86_64-linux-gnu/5]
  collapse library dir [/usr/lib/gcc/x86_64-linux-gnu/5/../../../x86_64-linux-gnu] ==> [/usr/lib/x86_64-linux-gnu]
  collapse library dir [/usr/lib/gcc/x86_64-linux-gnu/5/../../../../lib] ==> [/usr/lib]
  collapse library dir [/home/user/.mindstudio/huawei/ddk/1.31.T19.B190/ddk/toolchains/aarch64-linux-gcc6.3/sysroot/lib/../lib] ==> [/home/user/.mindstudio/huawei/ddk/1.31.T19.B190/ddk/toolchains/aarch64-linux-gcc6.3/sysroot/lib]
  collapse library dir [/home/user/.mindstudio/huawei/ddk/1.31.T19.B190/ddk/toolchains/aarch64-linux-gcc6.3/sysroot/usr/lib/../lib] ==> [/home/user/.mindstudio/huawei/ddk/1.31.T19.B190/ddk/toolchains/aarch64-linux-gcc6.3/sysroot/usr/lib]
  collapse library dir [/usr/lib/gcc/x86_64-linux-gnu/5/../../..] ==> [/usr/lib]
  collapse library dir [/home/user/.mindstudio/huawei/ddk/1.31.T19.B190/ddk/toolchains/aarch64-linux-gcc6.3/sysroot/lib] ==> [/home/user/.mindstudio/huawei/ddk/1.31.T19.B190/ddk/toolchains/aarch64-linux-gcc6.3/sysroot/lib]
  collapse library dir [/home/user/.mindstudio/huawei/ddk/1.31.T19.B190/ddk/toolchains/aarch64-linux-gcc6.3/sysroot/usr/lib] ==> [/home/user/.mindstudio/huawei/ddk/1.31.T19.B190/ddk/toolchains/aarch64-linux-gcc6.3/sysroot/usr/lib]
  implicit libs: [gcc;gcc_s;c;gcc;gcc_s]
  implicit dirs: [/usr/lib/gcc/x86_64-linux-gnu/5;/usr/lib/x86_64-linux-gnu;/usr/lib;/home/user/.mindstudio/huawei/ddk/1.31.T19.B190/ddk/toolchains/aarch64-linux-gcc6.3/sysroot/lib;/home/user/.mindstudio/huawei/ddk/1.31.T19.B190/ddk/toolchains/aarch64-linux-gcc6.3/sysroot/usr/lib]
  implicit fwks: []




Detecting C [-std=c11] compiler features compiled with the following output:
Change Dir: /home/user/AscendProjects/sample-classification/build/intermediates/device/CMakeFiles/CMakeTmp

Run Build Command:"/usr/bin/make" "cmTC_4ff13/fast"
/usr/bin/make -f CMakeFiles/cmTC_4ff13.dir/build.make CMakeFiles/cmTC_4ff13.dir/build
make[1]: Entering directory '/home/user/AscendProjects/sample-classification/build/intermediates/device/CMakeFiles/CMakeTmp'
Building C object CMakeFiles/cmTC_4ff13.dir/feature_tests.c.o
/usr/bin/cc --sysroot=/home/user/.mindstudio/huawei/ddk/1.31.T19.B190/ddk/toolchains/aarch64-linux-gcc6.3/sysroot   -std=c11 -o CMakeFiles/cmTC_4ff13.dir/feature_tests.c.o   -c /home/user/AscendProjects/sample-classification/build/intermediates/device/CMakeFiles/feature_tests.c
Linking C executable cmTC_4ff13
/home/user/MindStudio-ubuntu/tools/cmake/bin/cmake -E cmake_link_script CMakeFiles/cmTC_4ff13.dir/link.txt --verbose=1
/usr/bin/cc --sysroot=/home/user/.mindstudio/huawei/ddk/1.31.T19.B190/ddk/toolchains/aarch64-linux-gcc6.3/sysroot      CMakeFiles/cmTC_4ff13.dir/feature_tests.c.o  -o cmTC_4ff13 
make[1]: Leaving directory '/home/user/AscendProjects/sample-classification/build/intermediates/device/CMakeFiles/CMakeTmp'


    Feature record: C_FEATURE:1c_function_prototypes
    Feature record: C_FEATURE:1c_restrict
    Feature record: C_FEATURE:1c_static_assert
    Feature record: C_FEATURE:1c_variadic_macros


Detecting C [-std=c99] compiler features compiled with the following output:
Change Dir: /home/user/AscendProjects/sample-classification/build/intermediates/device/CMakeFiles/CMakeTmp

Run Build Command:"/usr/bin/make" "cmTC_be59c/fast"
/usr/bin/make -f CMakeFiles/cmTC_be59c.dir/build.make CMakeFiles/cmTC_be59c.dir/build
make[1]: Entering directory '/home/user/AscendProjects/sample-classification/build/intermediates/device/CMakeFiles/CMakeTmp'
Building C object CMakeFiles/cmTC_be59c.dir/feature_tests.c.o
/usr/bin/cc --sysroot=/home/user/.mindstudio/huawei/ddk/1.31.T19.B190/ddk/toolchains/aarch64-linux-gcc6.3/sysroot   -std=c99 -o CMakeFiles/cmTC_be59c.dir/feature_tests.c.o   -c /home/user/AscendProjects/sample-classification/build/intermediates/device/CMakeFiles/feature_tests.c
Linking C executable cmTC_be59c
/home/user/MindStudio-ubuntu/tools/cmake/bin/cmake -E cmake_link_script CMakeFiles/cmTC_be59c.dir/link.txt --verbose=1
/usr/bin/cc --sysroot=/home/user/.mindstudio/huawei/ddk/1.31.T19.B190/ddk/toolchains/aarch64-linux-gcc6.3/sysroot      CMakeFiles/cmTC_be59c.dir/feature_tests.c.o  -o cmTC_be59c 
make[1]: Leaving directory '/home/user/AscendProjects/sample-classification/build/intermediates/device/CMakeFiles/CMakeTmp'


    Feature record: C_FEATURE:1c_function_prototypes
    Feature record: C_FEATURE:1c_restrict
    Feature record: C_FEATURE:0c_static_assert
    Feature record: C_FEATURE:1c_variadic_macros


Detecting C [-std=c90] compiler features compiled with the following output:
Change Dir: /home/user/AscendProjects/sample-classification/build/intermediates/device/CMakeFiles/CMakeTmp

Run Build Command:"/usr/bin/make" "cmTC_ceff8/fast"
/usr/bin/make -f CMakeFiles/cmTC_ceff8.dir/build.make CMakeFiles/cmTC_ceff8.dir/build
make[1]: Entering directory '/home/user/AscendProjects/sample-classification/build/intermediates/device/CMakeFiles/CMakeTmp'
Building C object CMakeFiles/cmTC_ceff8.dir/feature_tests.c.o
/usr/bin/cc --sysroot=/home/user/.mindstudio/huawei/ddk/1.31.T19.B190/ddk/toolchains/aarch64-linux-gcc6.3/sysroot   -std=c90 -o CMakeFiles/cmTC_ceff8.dir/feature_tests.c.o   -c /home/user/AscendProjects/sample-classification/build/intermediates/device/CMakeFiles/feature_tests.c
Linking C executable cmTC_ceff8
/home/user/MindStudio-ubuntu/tools/cmake/bin/cmake -E cmake_link_script CMakeFiles/cmTC_ceff8.dir/link.txt --verbose=1
/usr/bin/cc --sysroot=/home/user/.mindstudio/huawei/ddk/1.31.T19.B190/ddk/toolchains/aarch64-linux-gcc6.3/sysroot      CMakeFiles/cmTC_ceff8.dir/feature_tests.c.o  -o cmTC_ceff8 
make[1]: Leaving directory '/home/user/AscendProjects/sample-classification/build/intermediates/device/CMakeFiles/CMakeTmp'


    Feature record: C_FEATURE:1c_function_prototypes
    Feature record: C_FEATURE:0c_restrict
    Feature record: C_FEATURE:0c_static_assert
    Feature record: C_FEATURE:0c_variadic_macros
Determining if the CXX compiler works passed with the following output:
Change Dir: /home/user/AscendProjects/sample-classification/build/intermediates/device/CMakeFiles/CMakeTmp

Run Build Command:"/usr/bin/make" "cmTC_8eb97/fast"
/usr/bin/make -f CMakeFiles/cmTC_8eb97.dir/build.make CMakeFiles/cmTC_8eb97.dir/build
make[1]: Entering directory '/home/user/AscendProjects/sample-classification/build/intermediates/device/CMakeFiles/CMakeTmp'
Building CXX object CMakeFiles/cmTC_8eb97.dir/testCXXCompiler.cxx.o
/home/user/.mindstudio/huawei/ddk/1.31.T19.B190/ddk/toolchains/aarch64-linux-gcc6.3/bin/aarch64-linux-gnu-g++ --sysroot=/home/user/.mindstudio/huawei/ddk/1.31.T19.B190/ddk/toolchains/aarch64-linux-gcc6.3/sysroot     -o CMakeFiles/cmTC_8eb97.dir/testCXXCompiler.cxx.o -c /home/user/AscendProjects/sample-classification/build/intermediates/device/CMakeFiles/CMakeTmp/testCXXCompiler.cxx
Linking CXX executable cmTC_8eb97
/home/user/MindStudio-ubuntu/tools/cmake/bin/cmake -E cmake_link_script CMakeFiles/cmTC_8eb97.dir/link.txt --verbose=1
/home/user/.mindstudio/huawei/ddk/1.31.T19.B190/ddk/toolchains/aarch64-linux-gcc6.3/bin/aarch64-linux-gnu-g++ --sysroot=/home/user/.mindstudio/huawei/ddk/1.31.T19.B190/ddk/toolchains/aarch64-linux-gcc6.3/sysroot       CMakeFiles/cmTC_8eb97.dir/testCXXCompiler.cxx.o  -o cmTC_8eb97 
make[1]: Leaving directory '/home/user/AscendProjects/sample-classification/build/intermediates/device/CMakeFiles/CMakeTmp'


Detecting CXX compiler ABI info compiled with the following output:
Change Dir: /home/user/AscendProjects/sample-classification/build/intermediates/device/CMakeFiles/CMakeTmp

Run Build Command:"/usr/bin/make" "cmTC_ed084/fast"
/usr/bin/make -f CMakeFiles/cmTC_ed084.dir/build.make CMakeFiles/cmTC_ed084.dir/build
make[1]: Entering directory '/home/user/AscendProjects/sample-classification/build/intermediates/device/CMakeFiles/CMakeTmp'
Building CXX object CMakeFiles/cmTC_ed084.dir/CMakeCXXCompilerABI.cpp.o
/home/user/.mindstudio/huawei/ddk/1.31.T19.B190/ddk/toolchains/aarch64-linux-gcc6.3/bin/aarch64-linux-gnu-g++ --sysroot=/home/user/.mindstudio/huawei/ddk/1.31.T19.B190/ddk/toolchains/aarch64-linux-gcc6.3/sysroot     -o CMakeFiles/cmTC_ed084.dir/CMakeCXXCompilerABI.cpp.o -c /home/user/MindStudio-ubuntu/tools/cmake/share/cmake-3.13/Modules/CMakeCXXCompilerABI.cpp
Linking CXX executable cmTC_ed084
/home/user/MindStudio-ubuntu/tools/cmake/bin/cmake -E cmake_link_script CMakeFiles/cmTC_ed084.dir/link.txt --verbose=1
/home/user/.mindstudio/huawei/ddk/1.31.T19.B190/ddk/toolchains/aarch64-linux-gcc6.3/bin/aarch64-linux-gnu-g++ --sysroot=/home/user/.mindstudio/huawei/ddk/1.31.T19.B190/ddk/toolchains/aarch64-linux-gcc6.3/sysroot      -v CMakeFiles/cmTC_ed084.dir/CMakeCXXCompilerABI.cpp.o  -o cmTC_ed084 
Using built-in specs.
COLLECT_GCC=/home/user/.mindstudio/huawei/ddk/1.31.T19.B190/ddk/toolchains/aarch64-linux-gcc6.3/bin/aarch64-linux-gnu-g++
COLLECT_LTO_WRAPPER=/home/user/.mindstudio/huawei/ddk/1.31.T19.B190/ddk/toolchains/aarch64-linux-gcc6.3/bin/../libexec/gcc/aarch64-linux-gnu/7.3.0/lto-wrapper
Target: aarch64-linux-gnu
Configured with: /usr1/Do-Compiler/build/hcc_arm64le_iso/../../open_source/hcc_arm64le_iso_build_src/gcc-7.3.0/configure --build=x86_64-pc-linux-gnu --host=x86_64-pc-linux-gnu --target=aarch64-linux-gnu --with-arch=armv8-a --prefix=/usr1/Do-Compiler/build/hcc_arm64le_iso/arm64le_build_dir/hcc_arm64le_iso --disable-multilib --enable-__cxa_atexit --with-gnu-as --with-gnu-ld --disable-libmudflap --enable-libgomp --enable-libssp --enable-threads --enable-plugin --enable-c99 --enable-long-long --disable-nls --enable-shared --enable-poison-system-directories --enable-symvers=gnu --with-pkgversion='Do-Compiler V100R001C00SPC020B002' --enable-languages=c,c++ --with-headers=/usr1/Do-Compiler/build/hcc_arm64le_iso/arm64le_build_dir/hcc_arm64le_iso/sysroot/usr/include --with-sysroot=/usr1/Do-Compiler/build/hcc_arm64le_iso/arm64le_build_dir/hcc_arm64le_iso/sysroot --with-build-sysroot=/usr1/Do-Compiler/build/hcc_arm64le_iso/arm64le_build_dir/hcc_arm64le_iso/sysroot --with-gmp=/usr1/Do-Compiler/build/hcc_arm64le_iso/arm64le_build_dir/obj/host-libs/usr --with-mpfr=/usr1/Do-Compiler/build/hcc_arm64le_iso/arm64le_build_dir/obj/host-libs/usr --with-mpc=/usr1/Do-Compiler/build/hcc_arm64le_iso/arm64le_build_dir/obj/host-libs/usr --with-isl=/usr1/Do-Compiler/build/hcc_arm64le_iso/arm64le_build_dir/obj/host-libs/usr --with-build-time-tools=/usr1/Do-Compiler/build/hcc_arm64le_iso/arm64le_build_dir/hcc_arm64le_iso/aarch64-linux-gnu/bin --libdir=/usr1/Do-Compiler/build/hcc_arm64le_iso/arm64le_build_dir/hcc_arm64le_iso/lib64 --disable-libcilkrts --with-system-zlib
Thread model: posix
gcc version 7.3.0 (Do-Compiler V100R001C00SPC020B002) 
COMPILER_PATH=/home/user/.mindstudio/huawei/ddk/1.31.T19.B190/ddk/toolchains/aarch64-linux-gcc6.3/bin/../libexec/gcc/aarch64-linux-gnu/7.3.0/:/home/user/.mindstudio/huawei/ddk/1.31.T19.B190/ddk/toolchains/aarch64-linux-gcc6.3/bin/../libexec/gcc/:/home/user/.mindstudio/huawei/ddk/1.31.T19.B190/ddk/toolchains/aarch64-linux-gcc6.3/bin/../lib64/gcc/aarch64-linux-gnu/7.3.0/../../../../aarch64-linux-gnu/bin/
LIBRARY_PATH=/home/user/.mindstudio/huawei/ddk/1.31.T19.B190/ddk/toolchains/aarch64-linux-gcc6.3/bin/../lib64/gcc/aarch64-linux-gnu/7.3.0/:/home/user/.mindstudio/huawei/ddk/1.31.T19.B190/ddk/toolchains/aarch64-linux-gcc6.3/bin/../lib64/gcc/:/home/user/.mindstudio/huawei/ddk/1.31.T19.B190/ddk/toolchains/aarch64-linux-gcc6.3/bin/../lib64/gcc/aarch64-linux-gnu/7.3.0/../../../../aarch64-linux-gnu/lib/../lib64/:/home/user/.mindstudio/huawei/ddk/1.31.T19.B190/ddk/toolchains/aarch64-linux-gcc6.3/sysroot/lib/../lib64/:/home/user/.mindstudio/huawei/ddk/1.31.T19.B190/ddk/toolchains/aarch64-linux-gcc6.3/sysroot/usr/lib64/../lib64/:/home/user/.mindstudio/huawei/ddk/1.31.T19.B190/ddk/toolchains/aarch64-linux-gcc6.3/bin/../lib64/gcc/aarch64-linux-gnu/7.3.0/../../../../aarch64-linux-gnu/lib/:/home/user/.mindstudio/huawei/ddk/1.31.T19.B190/ddk/toolchains/aarch64-linux-gcc6.3/sysroot/lib/:/home/user/.mindstudio/huawei/ddk/1.31.T19.B190/ddk/toolchains/aarch64-linux-gcc6.3/sysroot/usr/lib64/
COLLECT_GCC_OPTIONS='-v' '-o' 'cmTC_ed084' '-shared-libgcc' '-march=armv8-a' '-mlittle-endian' '-mabi=lp64'
 /home/user/.mindstudio/huawei/ddk/1.31.T19.B190/ddk/toolchains/aarch64-linux-gcc6.3/bin/../libexec/gcc/aarch64-linux-gnu/7.3.0/collect2 -plugin /home/user/.mindstudio/huawei/ddk/1.31.T19.B190/ddk/toolchains/aarch64-linux-gcc6.3/bin/../libexec/gcc/aarch64-linux-gnu/7.3.0/liblto_plugin.so -plugin-opt=/home/user/.mindstudio/huawei/ddk/1.31.T19.B190/ddk/toolchains/aarch64-linux-gcc6.3/bin/../libexec/gcc/aarch64-linux-gnu/7.3.0/lto-wrapper -plugin-opt=-fresolution=/tmp/ccDMgT89.res -plugin-opt=-pass-through=-lgcc_s -plugin-opt=-pass-through=-lgcc -plugin-opt=-pass-through=-lc -plugin-opt=-pass-through=-lgcc_s -plugin-opt=-pass-through=-lgcc --sysroot=/home/user/.mindstudio/huawei/ddk/1.31.T19.B190/ddk/toolchains/aarch64-linux-gcc6.3/sysroot --eh-frame-hdr -dynamic-linker /lib64/ld-linux-aarch64.so.1 -X -EL -maarch64linux -o cmTC_ed084 /home/user/.mindstudio/huawei/ddk/1.31.T19.B190/ddk/toolchains/aarch64-linux-gcc6.3/sysroot/usr/lib64/../lib64/crt1.o /home/user/.mindstudio/huawei/ddk/1.31.T19.B190/ddk/toolchains/aarch64-linux-gcc6.3/sysroot/usr/lib64/../lib64/crti.o /home/user/.mindstudio/huawei/ddk/1.31.T19.B190/ddk/toolchains/aarch64-linux-gcc6.3/bin/../lib64/gcc/aarch64-linux-gnu/7.3.0/crtbegin.o -L/home/user/.mindstudio/huawei/ddk/1.31.T19.B190/ddk/toolchains/aarch64-linux-gcc6.3/bin/../lib64/gcc/aarch64-linux-gnu/7.3.0 -L/home/user/.mindstudio/huawei/ddk/1.31.T19.B190/ddk/toolchains/aarch64-linux-gcc6.3/bin/../lib64/gcc -L/home/user/.mindstudio/huawei/ddk/1.31.T19.B190/ddk/toolchains/aarch64-linux-gcc6.3/bin/../lib64/gcc/aarch64-linux-gnu/7.3.0/../../../../aarch64-linux-gnu/lib/../lib64 -L/home/user/.mindstudio/huawei/ddk/1.31.T19.B190/ddk/toolchains/aarch64-linux-gcc6.3/sysroot/lib/../lib64 -L/home/user/.mindstudio/huawei/ddk/1.31.T19.B190/ddk/toolchains/aarch64-linux-gcc6.3/sysroot/usr/lib64/../lib64 -L/home/user/.mindstudio/huawei/ddk/1.31.T19.B190/ddk/toolchains/aarch64-linux-gcc6.3/bin/../lib64/gcc/aarch64-linux-gnu/7.3.0/../../../../aarch64-linux-gnu/lib -L/home/user/.mindstudio/huawei/ddk/1.31.T19.B190/ddk/toolchains/aarch64-linux-gcc6.3/sysroot/lib -L/home/user/.mindstudio/huawei/ddk/1.31.T19.B190/ddk/toolchains/aarch64-linux-gcc6.3/sysroot/usr/lib64 CMakeFiles/cmTC_ed084.dir/CMakeCXXCompilerABI.cpp.o -lstdc++ -lm -lgcc_s -lgcc -lc -lgcc_s -lgcc /home/user/.mindstudio/huawei/ddk/1.31.T19.B190/ddk/toolchains/aarch64-linux-gcc6.3/bin/../lib64/gcc/aarch64-linux-gnu/7.3.0/crtend.o /home/user/.mindstudio/huawei/ddk/1.31.T19.B190/ddk/toolchains/aarch64-linux-gcc6.3/sysroot/usr/lib64/../lib64/crtn.o
COLLECT_GCC_OPTIONS='-v' '-o' 'cmTC_ed084' '-shared-libgcc' '-march=armv8-a' '-mlittle-endian' '-mabi=lp64'
make[1]: Leaving directory '/home/user/AscendProjects/sample-classification/build/intermediates/device/CMakeFiles/CMakeTmp'


Parsed CXX implicit link information from above output:
  link line regex: [^( *|.*[/\])(ld|CMAKE_LINK_STARTFILE-NOTFOUND|([^/\]+-)?ld|collect2)[^/\]*( |$)]
  ignore line: [Change Dir: /home/user/AscendProjects/sample-classification/build/intermediates/device/CMakeFiles/CMakeTmp]
  ignore line: []
  ignore line: [Run Build Command:"/usr/bin/make" "cmTC_ed084/fast"]
  ignore line: [/usr/bin/make -f CMakeFiles/cmTC_ed084.dir/build.make CMakeFiles/cmTC_ed084.dir/build]
  ignore line: [make[1]: Entering directory '/home/user/AscendProjects/sample-classification/build/intermediates/device/CMakeFiles/CMakeTmp']
  ignore line: [Building CXX object CMakeFiles/cmTC_ed084.dir/CMakeCXXCompilerABI.cpp.o]
  ignore line: [/home/user/.mindstudio/huawei/ddk/1.31.T19.B190/ddk/toolchains/aarch64-linux-gcc6.3/bin/aarch64-linux-gnu-g++ --sysroot=/home/user/.mindstudio/huawei/ddk/1.31.T19.B190/ddk/toolchains/aarch64-linux-gcc6.3/sysroot     -o CMakeFiles/cmTC_ed084.dir/CMakeCXXCompilerABI.cpp.o -c /home/user/MindStudio-ubuntu/tools/cmake/share/cmake-3.13/Modules/CMakeCXXCompilerABI.cpp]
  ignore line: [Linking CXX executable cmTC_ed084]
  ignore line: [/home/user/MindStudio-ubuntu/tools/cmake/bin/cmake -E cmake_link_script CMakeFiles/cmTC_ed084.dir/link.txt --verbose=1]
  ignore line: [/home/user/.mindstudio/huawei/ddk/1.31.T19.B190/ddk/toolchains/aarch64-linux-gcc6.3/bin/aarch64-linux-gnu-g++ --sysroot=/home/user/.mindstudio/huawei/ddk/1.31.T19.B190/ddk/toolchains/aarch64-linux-gcc6.3/sysroot      -v CMakeFiles/cmTC_ed084.dir/CMakeCXXCompilerABI.cpp.o  -o cmTC_ed084 ]
  ignore line: [Using built-in specs.]
  ignore line: [COLLECT_GCC=/home/user/.mindstudio/huawei/ddk/1.31.T19.B190/ddk/toolchains/aarch64-linux-gcc6.3/bin/aarch64-linux-gnu-g++]
  ignore line: [COLLECT_LTO_WRAPPER=/home/user/.mindstudio/huawei/ddk/1.31.T19.B190/ddk/toolchains/aarch64-linux-gcc6.3/bin/../libexec/gcc/aarch64-linux-gnu/7.3.0/lto-wrapper]
  ignore line: [Target: aarch64-linux-gnu]
  ignore line: [Configured with: /usr1/Do-Compiler/build/hcc_arm64le_iso/../../open_source/hcc_arm64le_iso_build_src/gcc-7.3.0/configure --build=x86_64-pc-linux-gnu --host=x86_64-pc-linux-gnu --target=aarch64-linux-gnu --with-arch=armv8-a --prefix=/usr1/Do-Compiler/build/hcc_arm64le_iso/arm64le_build_dir/hcc_arm64le_iso --disable-multilib --enable-__cxa_atexit --with-gnu-as --with-gnu-ld --disable-libmudflap --enable-libgomp --enable-libssp --enable-threads --enable-plugin --enable-c99 --enable-long-long --disable-nls --enable-shared --enable-poison-system-directories --enable-symvers=gnu --with-pkgversion='Do-Compiler V100R001C00SPC020B002' --enable-languages=c,c++ --with-headers=/usr1/Do-Compiler/build/hcc_arm64le_iso/arm64le_build_dir/hcc_arm64le_iso/sysroot/usr/include --with-sysroot=/usr1/Do-Compiler/build/hcc_arm64le_iso/arm64le_build_dir/hcc_arm64le_iso/sysroot --with-build-sysroot=/usr1/Do-Compiler/build/hcc_arm64le_iso/arm64le_build_dir/hcc_arm64le_iso/sysroot --with-gmp=/usr1/Do-Compiler/build/hcc_arm64le_iso/arm64le_build_dir/obj/host-libs/usr --with-mpfr=/usr1/Do-Compiler/build/hcc_arm64le_iso/arm64le_build_dir/obj/host-libs/usr --with-mpc=/usr1/Do-Compiler/build/hcc_arm64le_iso/arm64le_build_dir/obj/host-libs/usr --with-isl=/usr1/Do-Compiler/build/hcc_arm64le_iso/arm64le_build_dir/obj/host-libs/usr --with-build-time-tools=/usr1/Do-Compiler/build/hcc_arm64le_iso/arm64le_build_dir/hcc_arm64le_iso/aarch64-linux-gnu/bin --libdir=/usr1/Do-Compiler/build/hcc_arm64le_iso/arm64le_build_dir/hcc_arm64le_iso/lib64 --disable-libcilkrts --with-system-zlib]
  ignore line: [Thread model: posix]
  ignore line: [gcc version 7.3.0 (Do-Compiler V100R001C00SPC020B002) ]
  ignore line: [COMPILER_PATH=/home/user/.mindstudio/huawei/ddk/1.31.T19.B190/ddk/toolchains/aarch64-linux-gcc6.3/bin/../libexec/gcc/aarch64-linux-gnu/7.3.0/:/home/user/.mindstudio/huawei/ddk/1.31.T19.B190/ddk/toolchains/aarch64-linux-gcc6.3/bin/../libexec/gcc/:/home/user/.mindstudio/huawei/ddk/1.31.T19.B190/ddk/toolchains/aarch64-linux-gcc6.3/bin/../lib64/gcc/aarch64-linux-gnu/7.3.0/../../../../aarch64-linux-gnu/bin/]
  ignore line: [LIBRARY_PATH=/home/user/.mindstudio/huawei/ddk/1.31.T19.B190/ddk/toolchains/aarch64-linux-gcc6.3/bin/../lib64/gcc/aarch64-linux-gnu/7.3.0/:/home/user/.mindstudio/huawei/ddk/1.31.T19.B190/ddk/toolchains/aarch64-linux-gcc6.3/bin/../lib64/gcc/:/home/user/.mindstudio/huawei/ddk/1.31.T19.B190/ddk/toolchains/aarch64-linux-gcc6.3/bin/../lib64/gcc/aarch64-linux-gnu/7.3.0/../../../../aarch64-linux-gnu/lib/../lib64/:/home/user/.mindstudio/huawei/ddk/1.31.T19.B190/ddk/toolchains/aarch64-linux-gcc6.3/sysroot/lib/../lib64/:/home/user/.mindstudio/huawei/ddk/1.31.T19.B190/ddk/toolchains/aarch64-linux-gcc6.3/sysroot/usr/lib64/../lib64/:/home/user/.mindstudio/huawei/ddk/1.31.T19.B190/ddk/toolchains/aarch64-linux-gcc6.3/bin/../lib64/gcc/aarch64-linux-gnu/7.3.0/../../../../aarch64-linux-gnu/lib/:/home/user/.mindstudio/huawei/ddk/1.31.T19.B190/ddk/toolchains/aarch64-linux-gcc6.3/sysroot/lib/:/home/user/.mindstudio/huawei/ddk/1.31.T19.B190/ddk/toolchains/aarch64-linux-gcc6.3/sysroot/usr/lib64/]
  ignore line: [COLLECT_GCC_OPTIONS='-v' '-o' 'cmTC_ed084' '-shared-libgcc' '-march=armv8-a' '-mlittle-endian' '-mabi=lp64']
  link line: [ /home/user/.mindstudio/huawei/ddk/1.31.T19.B190/ddk/toolchains/aarch64-linux-gcc6.3/bin/../libexec/gcc/aarch64-linux-gnu/7.3.0/collect2 -plugin /home/user/.mindstudio/huawei/ddk/1.31.T19.B190/ddk/toolchains/aarch64-linux-gcc6.3/bin/../libexec/gcc/aarch64-linux-gnu/7.3.0/liblto_plugin.so -plugin-opt=/home/user/.mindstudio/huawei/ddk/1.31.T19.B190/ddk/toolchains/aarch64-linux-gcc6.3/bin/../libexec/gcc/aarch64-linux-gnu/7.3.0/lto-wrapper -plugin-opt=-fresolution=/tmp/ccDMgT89.res -plugin-opt=-pass-through=-lgcc_s -plugin-opt=-pass-through=-lgcc -plugin-opt=-pass-through=-lc -plugin-opt=-pass-through=-lgcc_s -plugin-opt=-pass-through=-lgcc --sysroot=/home/user/.mindstudio/huawei/ddk/1.31.T19.B190/ddk/toolchains/aarch64-linux-gcc6.3/sysroot --eh-frame-hdr -dynamic-linker /lib64/ld-linux-aarch64.so.1 -X -EL -maarch64linux -o cmTC_ed084 /home/user/.mindstudio/huawei/ddk/1.31.T19.B190/ddk/toolchains/aarch64-linux-gcc6.3/sysroot/usr/lib64/../lib64/crt1.o /home/user/.mindstudio/huawei/ddk/1.31.T19.B190/ddk/toolchains/aarch64-linux-gcc6.3/sysroot/usr/lib64/../lib64/crti.o /home/user/.mindstudio/huawei/ddk/1.31.T19.B190/ddk/toolchains/aarch64-linux-gcc6.3/bin/../lib64/gcc/aarch64-linux-gnu/7.3.0/crtbegin.o -L/home/user/.mindstudio/huawei/ddk/1.31.T19.B190/ddk/toolchains/aarch64-linux-gcc6.3/bin/../lib64/gcc/aarch64-linux-gnu/7.3.0 -L/home/user/.mindstudio/huawei/ddk/1.31.T19.B190/ddk/toolchains/aarch64-linux-gcc6.3/bin/../lib64/gcc -L/home/user/.mindstudio/huawei/ddk/1.31.T19.B190/ddk/toolchains/aarch64-linux-gcc6.3/bin/../lib64/gcc/aarch64-linux-gnu/7.3.0/../../../../aarch64-linux-gnu/lib/../lib64 -L/home/user/.mindstudio/huawei/ddk/1.31.T19.B190/ddk/toolchains/aarch64-linux-gcc6.3/sysroot/lib/../lib64 -L/home/user/.mindstudio/huawei/ddk/1.31.T19.B190/ddk/toolchains/aarch64-linux-gcc6.3/sysroot/usr/lib64/../lib64 -L/home/user/.mindstudio/huawei/ddk/1.31.T19.B190/ddk/toolchains/aarch64-linux-gcc6.3/bin/../lib64/gcc/aarch64-linux-gnu/7.3.0/../../../../aarch64-linux-gnu/lib -L/home/user/.mindstudio/huawei/ddk/1.31.T19.B190/ddk/toolchains/aarch64-linux-gcc6.3/sysroot/lib -L/home/user/.mindstudio/huawei/ddk/1.31.T19.B190/ddk/toolchains/aarch64-linux-gcc6.3/sysroot/usr/lib64 CMakeFiles/cmTC_ed084.dir/CMakeCXXCompilerABI.cpp.o -lstdc++ -lm -lgcc_s -lgcc -lc -lgcc_s -lgcc /home/user/.mindstudio/huawei/ddk/1.31.T19.B190/ddk/toolchains/aarch64-linux-gcc6.3/bin/../lib64/gcc/aarch64-linux-gnu/7.3.0/crtend.o /home/user/.mindstudio/huawei/ddk/1.31.T19.B190/ddk/toolchains/aarch64-linux-gcc6.3/sysroot/usr/lib64/../lib64/crtn.o]
    arg [/home/user/.mindstudio/huawei/ddk/1.31.T19.B190/ddk/toolchains/aarch64-linux-gcc6.3/bin/../libexec/gcc/aarch64-linux-gnu/7.3.0/collect2] ==> ignore
    arg [-plugin] ==> ignore
    arg [/home/user/.mindstudio/huawei/ddk/1.31.T19.B190/ddk/toolchains/aarch64-linux-gcc6.3/bin/../libexec/gcc/aarch64-linux-gnu/7.3.0/liblto_plugin.so] ==> ignore
    arg [-plugin-opt=/home/user/.mindstudio/huawei/ddk/1.31.T19.B190/ddk/toolchains/aarch64-linux-gcc6.3/bin/../libexec/gcc/aarch64-linux-gnu/7.3.0/lto-wrapper] ==> ignore
    arg [-plugin-opt=-fresolution=/tmp/ccDMgT89.res] ==> ignore
    arg [-plugin-opt=-pass-through=-lgcc_s] ==> ignore
    arg [-plugin-opt=-pass-through=-lgcc] ==> ignore
    arg [-plugin-opt=-pass-through=-lc] ==> ignore
    arg [-plugin-opt=-pass-through=-lgcc_s] ==> ignore
    arg [-plugin-opt=-pass-through=-lgcc] ==> ignore
    arg [--sysroot=/home/user/.mindstudio/huawei/ddk/1.31.T19.B190/ddk/toolchains/aarch64-linux-gcc6.3/sysroot] ==> ignore
    arg [--eh-frame-hdr] ==> ignore
    arg [-dynamic-linker] ==> ignore
    arg [/lib64/ld-linux-aarch64.so.1] ==> ignore
    arg [-X] ==> ignore
    arg [-EL] ==> ignore
    arg [-maarch64linux] ==> ignore
    arg [-o] ==> ignore
    arg [cmTC_ed084] ==> ignore
    arg [/home/user/.mindstudio/huawei/ddk/1.31.T19.B190/ddk/toolchains/aarch64-linux-gcc6.3/sysroot/usr/lib64/../lib64/crt1.o] ==> ignore
    arg [/home/user/.mindstudio/huawei/ddk/1.31.T19.B190/ddk/toolchains/aarch64-linux-gcc6.3/sysroot/usr/lib64/../lib64/crti.o] ==> ignore
    arg [/home/user/.mindstudio/huawei/ddk/1.31.T19.B190/ddk/toolchains/aarch64-linux-gcc6.3/bin/../lib64/gcc/aarch64-linux-gnu/7.3.0/crtbegin.o] ==> ignore
    arg [-L/home/user/.mindstudio/huawei/ddk/1.31.T19.B190/ddk/toolchains/aarch64-linux-gcc6.3/bin/../lib64/gcc/aarch64-linux-gnu/7.3.0] ==> dir [/home/user/.mindstudio/huawei/ddk/1.31.T19.B190/ddk/toolchains/aarch64-linux-gcc6.3/bin/../lib64/gcc/aarch64-linux-gnu/7.3.0]
    arg [-L/home/user/.mindstudio/huawei/ddk/1.31.T19.B190/ddk/toolchains/aarch64-linux-gcc6.3/bin/../lib64/gcc] ==> dir [/home/user/.mindstudio/huawei/ddk/1.31.T19.B190/ddk/toolchains/aarch64-linux-gcc6.3/bin/../lib64/gcc]
    arg [-L/home/user/.mindstudio/huawei/ddk/1.31.T19.B190/ddk/toolchains/aarch64-linux-gcc6.3/bin/../lib64/gcc/aarch64-linux-gnu/7.3.0/../../../../aarch64-linux-gnu/lib/../lib64] ==> dir [/home/user/.mindstudio/huawei/ddk/1.31.T19.B190/ddk/toolchains/aarch64-linux-gcc6.3/bin/../lib64/gcc/aarch64-linux-gnu/7.3.0/../../../../aarch64-linux-gnu/lib/../lib64]
    arg [-L/home/user/.mindstudio/huawei/ddk/1.31.T19.B190/ddk/toolchains/aarch64-linux-gcc6.3/sysroot/lib/../lib64] ==> dir [/home/user/.mindstudio/huawei/ddk/1.31.T19.B190/ddk/toolchains/aarch64-linux-gcc6.3/sysroot/lib/../lib64]
    arg [-L/home/user/.mindstudio/huawei/ddk/1.31.T19.B190/ddk/toolchains/aarch64-linux-gcc6.3/sysroot/usr/lib64/../lib64] ==> dir [/home/user/.mindstudio/huawei/ddk/1.31.T19.B190/ddk/toolchains/aarch64-linux-gcc6.3/sysroot/usr/lib64/../lib64]
    arg [-L/home/user/.mindstudio/huawei/ddk/1.31.T19.B190/ddk/toolchains/aarch64-linux-gcc6.3/bin/../lib64/gcc/aarch64-linux-gnu/7.3.0/../../../../aarch64-linux-gnu/lib] ==> dir [/home/user/.mindstudio/huawei/ddk/1.31.T19.B190/ddk/toolchains/aarch64-linux-gcc6.3/bin/../lib64/gcc/aarch64-linux-gnu/7.3.0/../../../../aarch64-linux-gnu/lib]
    arg [-L/home/user/.mindstudio/huawei/ddk/1.31.T19.B190/ddk/toolchains/aarch64-linux-gcc6.3/sysroot/lib] ==> dir [/home/user/.mindstudio/huawei/ddk/1.31.T19.B190/ddk/toolchains/aarch64-linux-gcc6.3/sysroot/lib]
    arg [-L/home/user/.mindstudio/huawei/ddk/1.31.T19.B190/ddk/toolchains/aarch64-linux-gcc6.3/sysroot/usr/lib64] ==> dir [/home/user/.mindstudio/huawei/ddk/1.31.T19.B190/ddk/toolchains/aarch64-linux-gcc6.3/sysroot/usr/lib64]
    arg [CMakeFiles/cmTC_ed084.dir/CMakeCXXCompilerABI.cpp.o] ==> ignore
    arg [-lstdc++] ==> lib [stdc++]
    arg [-lm] ==> lib [m]
    arg [-lgcc_s] ==> lib [gcc_s]
    arg [-lgcc] ==> lib [gcc]
    arg [-lc] ==> lib [c]
    arg [-lgcc_s] ==> lib [gcc_s]
    arg [-lgcc] ==> lib [gcc]
    arg [/home/user/.mindstudio/huawei/ddk/1.31.T19.B190/ddk/toolchains/aarch64-linux-gcc6.3/bin/../lib64/gcc/aarch64-linux-gnu/7.3.0/crtend.o] ==> ignore
    arg [/home/user/.mindstudio/huawei/ddk/1.31.T19.B190/ddk/toolchains/aarch64-linux-gcc6.3/sysroot/usr/lib64/../lib64/crtn.o] ==> ignore
  collapse library dir [/home/user/.mindstudio/huawei/ddk/1.31.T19.B190/ddk/toolchains/aarch64-linux-gcc6.3/bin/../lib64/gcc/aarch64-linux-gnu/7.3.0] ==> [/home/user/.mindstudio/huawei/ddk/1.31.T19.B190/ddk/toolchains/aarch64-linux-gcc6.3/lib64/gcc/aarch64-linux-gnu/7.3.0]
  collapse library dir [/home/user/.mindstudio/huawei/ddk/1.31.T19.B190/ddk/toolchains/aarch64-linux-gcc6.3/bin/../lib64/gcc] ==> [/home/user/.mindstudio/huawei/ddk/1.31.T19.B190/ddk/toolchains/aarch64-linux-gcc6.3/lib64/gcc]
  collapse library dir [/home/user/.mindstudio/huawei/ddk/1.31.T19.B190/ddk/toolchains/aarch64-linux-gcc6.3/bin/../lib64/gcc/aarch64-linux-gnu/7.3.0/../../../../aarch64-linux-gnu/lib/../lib64] ==> [/home/user/.mindstudio/huawei/ddk/1.31.T19.B190/ddk/toolchains/aarch64-linux-gcc6.3/aarch64-linux-gnu/lib64]
  collapse library dir [/home/user/.mindstudio/huawei/ddk/1.31.T19.B190/ddk/toolchains/aarch64-linux-gcc6.3/sysroot/lib/../lib64] ==> [/home/user/.mindstudio/huawei/ddk/1.31.T19.B190/ddk/toolchains/aarch64-linux-gcc6.3/sysroot/lib64]
  collapse library dir [/home/user/.mindstudio/huawei/ddk/1.31.T19.B190/ddk/toolchains/aarch64-linux-gcc6.3/sysroot/usr/lib64/../lib64] ==> [/home/user/.mindstudio/huawei/ddk/1.31.T19.B190/ddk/toolchains/aarch64-linux-gcc6.3/sysroot/usr/lib64]
  collapse library dir [/home/user/.mindstudio/huawei/ddk/1.31.T19.B190/ddk/toolchains/aarch64-linux-gcc6.3/bin/../lib64/gcc/aarch64-linux-gnu/7.3.0/../../../../aarch64-linux-gnu/lib] ==> [/home/user/.mindstudio/huawei/ddk/1.31.T19.B190/ddk/toolchains/aarch64-linux-gcc6.3/aarch64-linux-gnu/lib]
  collapse library dir [/home/user/.mindstudio/huawei/ddk/1.31.T19.B190/ddk/toolchains/aarch64-linux-gcc6.3/sysroot/lib] ==> [/home/user/.mindstudio/huawei/ddk/1.31.T19.B190/ddk/toolchains/aarch64-linux-gcc6.3/sysroot/lib]
  collapse library dir [/home/user/.mindstudio/huawei/ddk/1.31.T19.B190/ddk/toolchains/aarch64-linux-gcc6.3/sysroot/usr/lib64] ==> [/home/user/.mindstudio/huawei/ddk/1.31.T19.B190/ddk/toolchains/aarch64-linux-gcc6.3/sysroot/usr/lib64]
  implicit libs: [stdc++;m;gcc_s;gcc;c;gcc_s;gcc]
  implicit dirs: [/home/user/.mindstudio/huawei/ddk/1.31.T19.B190/ddk/toolchains/aarch64-linux-gcc6.3/lib64/gcc/aarch64-linux-gnu/7.3.0;/home/user/.mindstudio/huawei/ddk/1.31.T19.B190/ddk/toolchains/aarch64-linux-gcc6.3/lib64/gcc;/home/user/.mindstudio/huawei/ddk/1.31.T19.B190/ddk/toolchains/aarch64-linux-gcc6.3/aarch64-linux-gnu/lib64;/home/user/.mindstudio/huawei/ddk/1.31.T19.B190/ddk/toolchains/aarch64-linux-gcc6.3/sysroot/lib64;/home/user/.mindstudio/huawei/ddk/1.31.T19.B190/ddk/toolchains/aarch64-linux-gcc6.3/sysroot/usr/lib64;/home/user/.mindstudio/huawei/ddk/1.31.T19.B190/ddk/toolchains/aarch64-linux-gcc6.3/aarch64-linux-gnu/lib;/home/user/.mindstudio/huawei/ddk/1.31.T19.B190/ddk/toolchains/aarch64-linux-gcc6.3/sysroot/lib]
  implicit fwks: []




Detecting CXX [-std=c++1z] compiler features compiled with the following output:
Change Dir: /home/user/AscendProjects/sample-classification/build/intermediates/device/CMakeFiles/CMakeTmp

Run Build Command:"/usr/bin/make" "cmTC_ce626/fast"
/usr/bin/make -f CMakeFiles/cmTC_ce626.dir/build.make CMakeFiles/cmTC_ce626.dir/build
make[1]: Entering directory '/home/user/AscendProjects/sample-classification/build/intermediates/device/CMakeFiles/CMakeTmp'
Building CXX object CMakeFiles/cmTC_ce626.dir/feature_tests.cxx.o
/home/user/.mindstudio/huawei/ddk/1.31.T19.B190/ddk/toolchains/aarch64-linux-gcc6.3/bin/aarch64-linux-gnu-g++ --sysroot=/home/user/.mindstudio/huawei/ddk/1.31.T19.B190/ddk/toolchains/aarch64-linux-gcc6.3/sysroot    -std=c++1z -o CMakeFiles/cmTC_ce626.dir/feature_tests.cxx.o -c /home/user/AscendProjects/sample-classification/build/intermediates/device/CMakeFiles/feature_tests.cxx
Linking CXX executable cmTC_ce626
/home/user/MindStudio-ubuntu/tools/cmake/bin/cmake -E cmake_link_script CMakeFiles/cmTC_ce626.dir/link.txt --verbose=1
/home/user/.mindstudio/huawei/ddk/1.31.T19.B190/ddk/toolchains/aarch64-linux-gcc6.3/bin/aarch64-linux-gnu-g++ --sysroot=/home/user/.mindstudio/huawei/ddk/1.31.T19.B190/ddk/toolchains/aarch64-linux-gcc6.3/sysroot       CMakeFiles/cmTC_ce626.dir/feature_tests.cxx.o  -o cmTC_ce626 
make[1]: Leaving directory '/home/user/AscendProjects/sample-classification/build/intermediates/device/CMakeFiles/CMakeTmp'


    Feature record: CXX_FEATURE:1cxx_aggregate_default_initializers
    Feature record: CXX_FEATURE:1cxx_alias_templates
    Feature record: CXX_FEATURE:1cxx_alignas
    Feature record: CXX_FEATURE:1cxx_alignof
    Feature record: CXX_FEATURE:1cxx_attributes
    Feature record: CXX_FEATURE:1cxx_attribute_deprecated
    Feature record: CXX_FEATURE:1cxx_auto_type
    Feature record: CXX_FEATURE:1cxx_binary_literals
    Feature record: CXX_FEATURE:1cxx_constexpr
    Feature record: CXX_FEATURE:1cxx_contextual_conversions
    Feature record: CXX_FEATURE:1cxx_decltype
    Feature record: CXX_FEATURE:1cxx_decltype_auto
    Feature record: CXX_FEATURE:1cxx_decltype_incomplete_return_types
    Feature record: CXX_FEATURE:1cxx_default_function_template_args
    Feature record: CXX_FEATURE:1cxx_defaulted_functions
    Feature record: CXX_FEATURE:1cxx_defaulted_move_initializers
    Feature record: CXX_FEATURE:1cxx_delegating_constructors
    Feature record: CXX_FEATURE:1cxx_deleted_functions
    Feature record: CXX_FEATURE:1cxx_digit_separators
    Feature record: CXX_FEATURE:1cxx_enum_forward_declarations
    Feature record: CXX_FEATURE:1cxx_explicit_conversions
    Feature record: CXX_FEATURE:1cxx_extended_friend_declarations
    Feature record: CXX_FEATURE:1cxx_extern_templates
    Feature record: CXX_FEATURE:1cxx_final
    Feature record: CXX_FEATURE:1cxx_func_identifier
    Feature record: CXX_FEATURE:1cxx_generalized_initializers
    Feature record: CXX_FEATURE:1cxx_generic_lambdas
    Feature record: CXX_FEATURE:1cxx_inheriting_constructors
    Feature record: CXX_FEATURE:1cxx_inline_namespaces
    Feature record: CXX_FEATURE:1cxx_lambdas
    Feature record: CXX_FEATURE:1cxx_lambda_init_captures
    Feature record: CXX_FEATURE:1cxx_local_type_template_args
    Feature record: CXX_FEATURE:1cxx_long_long_type
    Feature record: CXX_FEATURE:1cxx_noexcept
    Feature record: CXX_FEATURE:1cxx_nonstatic_member_init
    Feature record: CXX_FEATURE:1cxx_nullptr
    Feature record: CXX_FEATURE:1cxx_override
    Feature record: CXX_FEATURE:1cxx_range_for
    Feature record: CXX_FEATURE:1cxx_raw_string_literals
    Feature record: CXX_FEATURE:1cxx_reference_qualified_functions
    Feature record: CXX_FEATURE:1cxx_relaxed_constexpr
    Feature record: CXX_FEATURE:1cxx_return_type_deduction
    Feature record: CXX_FEATURE:1cxx_right_angle_brackets
    Feature record: CXX_FEATURE:1cxx_rvalue_references
    Feature record: CXX_FEATURE:1cxx_sizeof_member
    Feature record: CXX_FEATURE:1cxx_static_assert
    Feature record: CXX_FEATURE:1cxx_strong_enums
    Feature record: CXX_FEATURE:1cxx_template_template_parameters
    Feature record: CXX_FEATURE:1cxx_thread_local
    Feature record: CXX_FEATURE:1cxx_trailing_return_types
    Feature record: CXX_FEATURE:1cxx_unicode_literals
    Feature record: CXX_FEATURE:1cxx_uniform_initialization
    Feature record: CXX_FEATURE:1cxx_unrestricted_unions
    Feature record: CXX_FEATURE:1cxx_user_literals
    Feature record: CXX_FEATURE:1cxx_variable_templates
    Feature record: CXX_FEATURE:1cxx_variadic_macros
    Feature record: CXX_FEATURE:1cxx_variadic_templates


Detecting CXX [-std=c++14] compiler features compiled with the following output:
Change Dir: /home/user/AscendProjects/sample-classification/build/intermediates/device/CMakeFiles/CMakeTmp

Run Build Command:"/usr/bin/make" "cmTC_02440/fast"
/usr/bin/make -f CMakeFiles/cmTC_02440.dir/build.make CMakeFiles/cmTC_02440.dir/build
make[1]: Entering directory '/home/user/AscendProjects/sample-classification/build/intermediates/device/CMakeFiles/CMakeTmp'
Building CXX object CMakeFiles/cmTC_02440.dir/feature_tests.cxx.o
/home/user/.mindstudio/huawei/ddk/1.31.T19.B190/ddk/toolchains/aarch64-linux-gcc6.3/bin/aarch64-linux-gnu-g++ --sysroot=/home/user/.mindstudio/huawei/ddk/1.31.T19.B190/ddk/toolchains/aarch64-linux-gcc6.3/sysroot    -std=c++14 -o CMakeFiles/cmTC_02440.dir/feature_tests.cxx.o -c /home/user/AscendProjects/sample-classification/build/intermediates/device/CMakeFiles/feature_tests.cxx
Linking CXX executable cmTC_02440
/home/user/MindStudio-ubuntu/tools/cmake/bin/cmake -E cmake_link_script CMakeFiles/cmTC_02440.dir/link.txt --verbose=1
/home/user/.mindstudio/huawei/ddk/1.31.T19.B190/ddk/toolchains/aarch64-linux-gcc6.3/bin/aarch64-linux-gnu-g++ --sysroot=/home/user/.mindstudio/huawei/ddk/1.31.T19.B190/ddk/toolchains/aarch64-linux-gcc6.3/sysroot       CMakeFiles/cmTC_02440.dir/feature_tests.cxx.o  -o cmTC_02440 
make[1]: Leaving directory '/home/user/AscendProjects/sample-classification/build/intermediates/device/CMakeFiles/CMakeTmp'


    Feature record: CXX_FEATURE:1cxx_aggregate_default_initializers
    Feature record: CXX_FEATURE:1cxx_alias_templates
    Feature record: CXX_FEATURE:1cxx_alignas
    Feature record: CXX_FEATURE:1cxx_alignof
    Feature record: CXX_FEATURE:1cxx_attributes
    Feature record: CXX_FEATURE:1cxx_attribute_deprecated
    Feature record: CXX_FEATURE:1cxx_auto_type
    Feature record: CXX_FEATURE:1cxx_binary_literals
    Feature record: CXX_FEATURE:1cxx_constexpr
    Feature record: CXX_FEATURE:1cxx_contextual_conversions
    Feature record: CXX_FEATURE:1cxx_decltype
    Feature record: CXX_FEATURE:1cxx_decltype_auto
    Feature record: CXX_FEATURE:1cxx_decltype_incomplete_return_types
    Feature record: CXX_FEATURE:1cxx_default_function_template_args
    Feature record: CXX_FEATURE:1cxx_defaulted_functions
    Feature record: CXX_FEATURE:1cxx_defaulted_move_initializers
    Feature record: CXX_FEATURE:1cxx_delegating_constructors
    Feature record: CXX_FEATURE:1cxx_deleted_functions
    Feature record: CXX_FEATURE:1cxx_digit_separators
    Feature record: CXX_FEATURE:1cxx_enum_forward_declarations
    Feature record: CXX_FEATURE:1cxx_explicit_conversions
    Feature record: CXX_FEATURE:1cxx_extended_friend_declarations
    Feature record: CXX_FEATURE:1cxx_extern_templates
    Feature record: CXX_FEATURE:1cxx_final
    Feature record: CXX_FEATURE:1cxx_func_identifier
    Feature record: CXX_FEATURE:1cxx_generalized_initializers
    Feature record: CXX_FEATURE:1cxx_generic_lambdas
    Feature record: CXX_FEATURE:1cxx_inheriting_constructors
    Feature record: CXX_FEATURE:1cxx_inline_namespaces
    Feature record: CXX_FEATURE:1cxx_lambdas
    Feature record: CXX_FEATURE:1cxx_lambda_init_captures
    Feature record: CXX_FEATURE:1cxx_local_type_template_args
    Feature record: CXX_FEATURE:1cxx_long_long_type
    Feature record: CXX_FEATURE:1cxx_noexcept
    Feature record: CXX_FEATURE:1cxx_nonstatic_member_init
    Feature record: CXX_FEATURE:1cxx_nullptr
    Feature record: CXX_FEATURE:1cxx_override
    Feature record: CXX_FEATURE:1cxx_range_for
    Feature record: CXX_FEATURE:1cxx_raw_string_literals
    Feature record: CXX_FEATURE:1cxx_reference_qualified_functions
    Feature record: CXX_FEATURE:1cxx_relaxed_constexpr
    Feature record: CXX_FEATURE:1cxx_return_type_deduction
    Feature record: CXX_FEATURE:1cxx_right_angle_brackets
    Feature record: CXX_FEATURE:1cxx_rvalue_references
    Feature record: CXX_FEATURE:1cxx_sizeof_member
    Feature record: CXX_FEATURE:1cxx_static_assert
    Feature record: CXX_FEATURE:1cxx_strong_enums
    Feature record: CXX_FEATURE:1cxx_template_template_parameters
    Feature record: CXX_FEATURE:1cxx_thread_local
    Feature record: CXX_FEATURE:1cxx_trailing_return_types
    Feature record: CXX_FEATURE:1cxx_unicode_literals
    Feature record: CXX_FEATURE:1cxx_uniform_initialization
    Feature record: CXX_FEATURE:1cxx_unrestricted_unions
    Feature record: CXX_FEATURE:1cxx_user_literals
    Feature record: CXX_FEATURE:1cxx_variable_templates
    Feature record: CXX_FEATURE:1cxx_variadic_macros
    Feature record: CXX_FEATURE:1cxx_variadic_templates


Detecting CXX [-std=c++11] compiler features compiled with the following output:
Change Dir: /home/user/AscendProjects/sample-classification/build/intermediates/device/CMakeFiles/CMakeTmp

Run Build Command:"/usr/bin/make" "cmTC_68aba/fast"
/usr/bin/make -f CMakeFiles/cmTC_68aba.dir/build.make CMakeFiles/cmTC_68aba.dir/build
make[1]: Entering directory '/home/user/AscendProjects/sample-classification/build/intermediates/device/CMakeFiles/CMakeTmp'
Building CXX object CMakeFiles/cmTC_68aba.dir/feature_tests.cxx.o
/home/user/.mindstudio/huawei/ddk/1.31.T19.B190/ddk/toolchains/aarch64-linux-gcc6.3/bin/aarch64-linux-gnu-g++ --sysroot=/home/user/.mindstudio/huawei/ddk/1.31.T19.B190/ddk/toolchains/aarch64-linux-gcc6.3/sysroot    -std=c++11 -o CMakeFiles/cmTC_68aba.dir/feature_tests.cxx.o -c /home/user/AscendProjects/sample-classification/build/intermediates/device/CMakeFiles/feature_tests.cxx
Linking CXX executable cmTC_68aba
/home/user/MindStudio-ubuntu/tools/cmake/bin/cmake -E cmake_link_script CMakeFiles/cmTC_68aba.dir/link.txt --verbose=1
/home/user/.mindstudio/huawei/ddk/1.31.T19.B190/ddk/toolchains/aarch64-linux-gcc6.3/bin/aarch64-linux-gnu-g++ --sysroot=/home/user/.mindstudio/huawei/ddk/1.31.T19.B190/ddk/toolchains/aarch64-linux-gcc6.3/sysroot       CMakeFiles/cmTC_68aba.dir/feature_tests.cxx.o  -o cmTC_68aba 
make[1]: Leaving directory '/home/user/AscendProjects/sample-classification/build/intermediates/device/CMakeFiles/CMakeTmp'


    Feature record: CXX_FEATURE:0cxx_aggregate_default_initializers
    Feature record: CXX_FEATURE:1cxx_alias_templates
    Feature record: CXX_FEATURE:1cxx_alignas
    Feature record: CXX_FEATURE:1cxx_alignof
    Feature record: CXX_FEATURE:1cxx_attributes
    Feature record: CXX_FEATURE:0cxx_attribute_deprecated
    Feature record: CXX_FEATURE:1cxx_auto_type
    Feature record: CXX_FEATURE:0cxx_binary_literals
    Feature record: CXX_FEATURE:1cxx_constexpr
    Feature record: CXX_FEATURE:0cxx_contextual_conversions
    Feature record: CXX_FEATURE:1cxx_decltype
    Feature record: CXX_FEATURE:0cxx_decltype_auto
    Feature record: CXX_FEATURE:1cxx_decltype_incomplete_return_types
    Feature record: CXX_FEATURE:1cxx_default_function_template_args
    Feature record: CXX_FEATURE:1cxx_defaulted_functions
    Feature record: CXX_FEATURE:1cxx_defaulted_move_initializers
    Feature record: CXX_FEATURE:1cxx_delegating_constructors
    Feature record: CXX_FEATURE:1cxx_deleted_functions
    Feature record: CXX_FEATURE:0cxx_digit_separators
    Feature record: CXX_FEATURE:1cxx_enum_forward_declarations
    Feature record: CXX_FEATURE:1cxx_explicit_conversions
    Feature record: CXX_FEATURE:1cxx_extended_friend_declarations
    Feature record: CXX_FEATURE:1cxx_extern_templates
    Feature record: CXX_FEATURE:1cxx_final
    Feature record: CXX_FEATURE:1cxx_func_identifier
    Feature record: CXX_FEATURE:1cxx_generalized_initializers
    Feature record: CXX_FEATURE:0cxx_generic_lambdas
    Feature record: CXX_FEATURE:1cxx_inheriting_constructors
    Feature record: CXX_FEATURE:1cxx_inline_namespaces
    Feature record: CXX_FEATURE:1cxx_lambdas
    Feature record: CXX_FEATURE:0cxx_lambda_init_captures
    Feature record: CXX_FEATURE:1cxx_local_type_template_args
    Feature record: CXX_FEATURE:1cxx_long_long_type
    Feature record: CXX_FEATURE:1cxx_noexcept
    Feature record: CXX_FEATURE:1cxx_nonstatic_member_init
    Feature record: CXX_FEATURE:1cxx_nullptr
    Feature record: CXX_FEATURE:1cxx_override
    Feature record: CXX_FEATURE:1cxx_range_for
    Feature record: CXX_FEATURE:1cxx_raw_string_literals
    Feature record: CXX_FEATURE:1cxx_reference_qualified_functions
    Feature record: CXX_FEATURE:0cxx_relaxed_constexpr
    Feature record: CXX_FEATURE:0cxx_return_type_deduction
    Feature record: CXX_FEATURE:1cxx_right_angle_brackets
    Feature record: CXX_FEATURE:1cxx_rvalue_references
    Feature record: CXX_FEATURE:1cxx_sizeof_member
    Feature record: CXX_FEATURE:1cxx_static_assert
    Feature record: CXX_FEATURE:1cxx_strong_enums
    Feature record: CXX_FEATURE:1cxx_template_template_parameters
    Feature record: CXX_FEATURE:1cxx_thread_local
    Feature record: CXX_FEATURE:1cxx_trailing_return_types
    Feature record: CXX_FEATURE:1cxx_unicode_literals
    Feature record: CXX_FEATURE:1cxx_uniform_initialization
    Feature record: CXX_FEATURE:1cxx_unrestricted_unions
    Feature record: CXX_FEATURE:1cxx_user_literals
    Feature record: CXX_FEATURE:0cxx_variable_templates
    Feature record: CXX_FEATURE:1cxx_variadic_macros
    Feature record: CXX_FEATURE:1cxx_variadic_templates


Detecting CXX [-std=c++98] compiler features compiled with the following output:
Change Dir: /home/user/AscendProjects/sample-classification/build/intermediates/device/CMakeFiles/CMakeTmp

Run Build Command:"/usr/bin/make" "cmTC_258cc/fast"
/usr/bin/make -f CMakeFiles/cmTC_258cc.dir/build.make CMakeFiles/cmTC_258cc.dir/build
make[1]: Entering directory '/home/user/AscendProjects/sample-classification/build/intermediates/device/CMakeFiles/CMakeTmp'
Building CXX object CMakeFiles/cmTC_258cc.dir/feature_tests.cxx.o
/home/user/.mindstudio/huawei/ddk/1.31.T19.B190/ddk/toolchains/aarch64-linux-gcc6.3/bin/aarch64-linux-gnu-g++ --sysroot=/home/user/.mindstudio/huawei/ddk/1.31.T19.B190/ddk/toolchains/aarch64-linux-gcc6.3/sysroot    -std=c++98 -o CMakeFiles/cmTC_258cc.dir/feature_tests.cxx.o -c /home/user/AscendProjects/sample-classification/build/intermediates/device/CMakeFiles/feature_tests.cxx
Linking CXX executable cmTC_258cc
/home/user/MindStudio-ubuntu/tools/cmake/bin/cmake -E cmake_link_script CMakeFiles/cmTC_258cc.dir/link.txt --verbose=1
/home/user/.mindstudio/huawei/ddk/1.31.T19.B190/ddk/toolchains/aarch64-linux-gcc6.3/bin/aarch64-linux-gnu-g++ --sysroot=/home/user/.mindstudio/huawei/ddk/1.31.T19.B190/ddk/toolchains/aarch64-linux-gcc6.3/sysroot       CMakeFiles/cmTC_258cc.dir/feature_tests.cxx.o  -o cmTC_258cc 
make[1]: Leaving directory '/home/user/AscendProjects/sample-classification/build/intermediates/device/CMakeFiles/CMakeTmp'


    Feature record: CXX_FEATURE:0cxx_aggregate_default_initializers
    Feature record: CXX_FEATURE:0cxx_alias_templates
    Feature record: CXX_FEATURE:0cxx_alignas
    Feature record: CXX_FEATURE:0cxx_alignof
    Feature record: CXX_FEATURE:0cxx_attributes
    Feature record: CXX_FEATURE:0cxx_attribute_deprecated
    Feature record: CXX_FEATURE:0cxx_auto_type
    Feature record: CXX_FEATURE:0cxx_binary_literals
    Feature record: CXX_FEATURE:0cxx_constexpr
    Feature record: CXX_FEATURE:0cxx_contextual_conversions
    Feature record: CXX_FEATURE:0cxx_decltype
    Feature record: CXX_FEATURE:0cxx_decltype_auto
    Feature record: CXX_FEATURE:0cxx_decltype_incomplete_return_types
    Feature record: CXX_FEATURE:0cxx_default_function_template_args
    Feature record: CXX_FEATURE:0cxx_defaulted_functions
    Feature record: CXX_FEATURE:0cxx_defaulted_move_initializers
    Feature record: CXX_FEATURE:0cxx_delegating_constructors
    Feature record: CXX_FEATURE:0cxx_deleted_functions
    Feature record: CXX_FEATURE:0cxx_digit_separators
    Feature record: CXX_FEATURE:0cxx_enum_forward_declarations
    Feature record: CXX_FEATURE:0cxx_explicit_conversions
    Feature record: CXX_FEATURE:0cxx_extended_friend_declarations
    Feature record: CXX_FEATURE:0cxx_extern_templates
    Feature record: CXX_FEATURE:0cxx_final
    Feature record: CXX_FEATURE:0cxx_func_identifier
    Feature record: CXX_FEATURE:0cxx_generalized_initializers
    Feature record: CXX_FEATURE:0cxx_generic_lambdas
    Feature record: CXX_FEATURE:0cxx_inheriting_constructors
    Feature record: CXX_FEATURE:0cxx_inline_namespaces
    Feature record: CXX_FEATURE:0cxx_lambdas
    Feature record: CXX_FEATURE:0cxx_lambda_init_captures
    Feature record: CXX_FEATURE:0cxx_local_type_template_args
    Feature record: CXX_FEATURE:0cxx_long_long_type
    Feature record: CXX_FEATURE:0cxx_noexcept
    Feature record: CXX_FEATURE:0cxx_nonstatic_member_init
    Feature record: CXX_FEATURE:0cxx_nullptr
    Feature record: CXX_FEATURE:0cxx_override
    Feature record: CXX_FEATURE:0cxx_range_for
    Feature record: CXX_FEATURE:0cxx_raw_string_literals
    Feature record: CXX_FEATURE:0cxx_reference_qualified_functions
    Feature record: CXX_FEATURE:0cxx_relaxed_constexpr
    Feature record: CXX_FEATURE:0cxx_return_type_deduction
    Feature record: CXX_FEATURE:0cxx_right_angle_brackets
    Feature record: CXX_FEATURE:0cxx_rvalue_references
    Feature record: CXX_FEATURE:0cxx_sizeof_member
    Feature record: CXX_FEATURE:0cxx_static_assert
    Feature record: CXX_FEATURE:0cxx_strong_enums
    Feature record: CXX_FEATURE:1cxx_template_template_parameters
    Feature record: CXX_FEATURE:0cxx_thread_local
    Feature record: CXX_FEATURE:0cxx_trailing_return_types
    Feature record: CXX_FEATURE:0cxx_unicode_literals
    Feature record: CXX_FEATURE:0cxx_uniform_initialization
    Feature record: CXX_FEATURE:0cxx_unrestricted_unions
    Feature record: CXX_FEATURE:0cxx_user_literals
    Feature record: CXX_FEATURE:0cxx_variable_templates
    Feature record: CXX_FEATURE:0cxx_variadic_macros
    Feature record: CXX_FEATURE:0cxx_variadic_templates
